# JRE version: OpenJDK Runtime Environment Microsoft-9889599 (17.0.12+7) (build 17.0.12+7-LTS)
# Java VM: OpenJDK 64-Bit Server VM Microsoft-9889599 (17.0.12+7-LTS, mixed mode, sharing, tiered, compressed oops, compressed class ptrs, g1 gc, windows-amd64)
GC Precious Log:
 CPUs: 4 total, 4 available
 Memory: 8025M
 Large Page Support: Disabled
 NUMA Support: Disabled
 Compressed Oops: Enabled (Zero based)
 Heap Region Size: 2M
 Heap Min Capacity: 8M
 Heap Initial Capacity: 126M
 Heap Max Capacity: 4G
 Pre-touch: Disabled
 Parallel Workers: 4
 Concurrent Workers: 1
 Concurrent Refinement Workers: 4
 Periodic GC: Disabled
Heap:
 garbage-first heap   total 129024K, used 33312K [0x0000000700000000, 0x0000000800000000)
  region size 2048K, 12 young (24576K), 5 survivors (10240K)
 Metaspace       used 17837K, committed 18112K, reserved 491520K
  class space    used 2569K, committed 2752K, reserved 425984K
GC Heap History (8 events):
Event: 1.018 GC heap before
{Heap before GC invocations=0 (full 0):
 garbage-first heap   total 129024K, used 10240K [0x0000000700000000, 0x0000000800000000)
  region size 2048K, 6 young (12288K), 0 survivors (0K)
 Metaspace       used 781K, committed 896K, reserved 491520K
  class space    used 61K, committed 128K, reserved 425984K
}
Event: 1.025 GC heap after
{Heap after GC invocations=1 (full 0):
 garbage-first heap   total 129024K, used 1725K [0x0000000700000000, 0x0000000800000000)
  region size 2048K, 1 young (2048K), 1 survivors (2048K)
 Metaspace       used 781K, committed 896K, reserved 491520K
  class space    used 61K, committed 128K, reserved 425984K
}
Event: 2.160 GC heap before
{Heap before GC invocations=1 (full 0):
 garbage-first heap   total 129024K, used 18109K [0x0000000700000000, 0x0000000800000000)
  region size 2048K, 8 young (16384K), 1 survivors (2048K)
 Metaspace       used 2967K, committed 3136K, reserved 491520K
  class space    used 374K, committed 448K, reserved 425984K
}
Event: 2.169 GC heap after
{Heap after GC invocations=2 (full 0):
 garbage-first heap   total 129024K, used 10682K [0x0000000700000000, 0x0000000800000000)
  region size 2048K, 1 young (2048K), 1 survivors (2048K)
 Metaspace       used 2967K, committed 3136K, reserved 491520K
  class space    used 374K, committed 448K, reserved 425984K
}
Event: 5.233 GC heap before
{Heap before GC invocations=2 (full 0):
 garbage-first heap   total 129024K, used 55738K [0x0000000700000000, 0x0000000800000000)
  region size 2048K, 24 young (49152K), 1 survivors (2048K)
 Metaspace       used 4138K, committed 4352K, reserved 491520K
  class space    used 504K, committed 640K, reserved 425984K
}
Event: 5.241 GC heap after
{Heap after GC invocations=3 (full 0):
 garbage-first heap   total 129024K, used 15928K [0x0000000700000000, 0x0000000800000000)
  region size 2048K, 3 young (6144K), 3 survivors (6144K)
 Metaspace       used 4138K, committed 4352K, reserved 491520K
  class space    used 504K, committed 640K, reserved 425984K
}
Event: 11.130 GC heap before
{Heap before GC invocations=3 (full 0):
 garbage-first heap   total 129024K, used 85560K [0x0000000700000000, 0x0000000800000000)
  region size 2048K, 37 young (75776K), 3 survivors (6144K)
 Metaspace       used 16370K, committed 16640K, reserved 491520K
  class space    used 2314K, committed 2496K, reserved 425984K
}
Event: 11.153 GC heap after
{Heap after GC invocations=4 (full 0):
 garbage-first heap   total 129024K, used 21024K [0x0000000700000000, 0x0000000800000000)
  region size 2048K, 5 young (10240K), 5 survivors (10240K)
 Metaspace       used 16370K, committed 16640K, reserved 491520K
  class space    used 2314K, committed 2496K, reserved 425984K
}

