# JRE version: OpenJDK Runtime Environment Microsoft-9889599 (17.0.12+7) (build 17.0.12+7-LTS)
# Java VM: OpenJDK 64-Bit Server VM Microsoft-9889599 (17.0.12+7-LTS, mixed mode, sharing, tiered, compressed oops, compressed class ptrs, g1 gc, windows-amd64)
GC Precious Log:
 CPUs: 4 total, 4 available
 Memory: 8025M
 Large Page Support: Disabled
 NUMA Support: Disabled
 Compressed Oops: Enabled (32-bit)
 Heap Region Size: 1M
 Heap Min Capacity: 8M
 Heap Initial Capacity: 126M
 Heap Max Capacity: 2G
 Pre-touch: Disabled
 Parallel Workers: 4
 Concurrent Workers: 1
 Concurrent Refinement Workers: 4
 Periodic GC: Disabled
Heap:
 garbage-first heap   total 306176K, used 231706K [0x0000000080000000, 0x0000000100000000)
  region size 1024K, 3 young (3072K), 3 survivors (3072K)
 Metaspace       used 108213K, committed 109504K, reserved 557056K
  class space    used 15134K, committed 15744K, reserved 425984K
GC Heap History (20 events):
Event: 135.181 GC heap after
{Heap after GC invocations=90 (full 0):
 garbage-first heap   total 254976K, used 206741K [0x0000000080000000, 0x0000000100000000)
  region size 1024K, 3 young (3072K), 3 survivors (3072K)
 Metaspace       used 107453K, committed 108672K, reserved 557056K
  class space    used 15049K, committed 15616K, reserved 425984K
}
Event: 135.347 GC heap before
{Heap before GC invocations=90 (full 0):
 garbage-first heap   total 254976K, used 221077K [0x0000000080000000, 0x0000000100000000)
  region size 1024K, 18 young (18432K), 3 survivors (3072K)
 Metaspace       used 107453K, committed 108672K, reserved 557056K
  class space    used 15049K, committed 15616K, reserved 425984K
}
Event: 135.353 GC heap after
{Heap after GC invocations=91 (full 0):
 garbage-first heap   total 254976K, used 207933K [0x0000000080000000, 0x0000000100000000)
  region size 1024K, 3 young (3072K), 3 survivors (3072K)
 Metaspace       used 107453K, committed 108672K, reserved 557056K
  class space    used 15049K, committed 15616K, reserved 425984K
}
Event: 135.507 GC heap before
{Heap before GC invocations=91 (full 0):
 garbage-first heap   total 254976K, used 221245K [0x0000000080000000, 0x0000000100000000)
  region size 1024K, 17 young (17408K), 3 survivors (3072K)
 Metaspace       used 107455K, committed 108672K, reserved 557056K
  class space    used 15049K, committed 15616K, reserved 425984K
}
Event: 135.514 GC heap after
{Heap after GC invocations=92 (full 0):
 garbage-first heap   total 306176K, used 208720K [0x0000000080000000, 0x0000000100000000)
  region size 1024K, 3 young (3072K), 3 survivors (3072K)
 Metaspace       used 107455K, committed 108672K, reserved 557056K
  class space    used 15049K, committed 15616K, reserved 425984K
}
Event: 136.162 GC heap before
{Heap before GC invocations=92 (full 0):
 garbage-first heap   total 306176K, used 255824K [0x0000000080000000, 0x0000000100000000)
  region size 1024K, 50 young (51200K), 3 survivors (3072K)
 Metaspace       used 107554K, committed 108736K, reserved 557056K
  class space    used 15061K, committed 15616K, reserved 425984K
}
Event: 136.170 GC heap after
{Heap after GC invocations=93 (full 0):
 garbage-first heap   total 306176K, used 211365K [0x0000000080000000, 0x0000000100000000)
  region size 1024K, 5 young (5120K), 5 survivors (5120K)
 Metaspace       used 107554K, committed 108736K, reserved 557056K
  class space    used 15061K, committed 15616K, reserved 425984K
}
Event: 137.503 GC heap before
{Heap before GC invocations=93 (full 0):
 garbage-first heap   total 306176K, used 258469K [0x0000000080000000, 0x0000000100000000)
  region size 1024K, 51 young (52224K), 5 survivors (5120K)
 Metaspace       used 107754K, committed 108992K, reserved 557056K
  class space    used 15085K, committed 15680K, reserved 425984K
}
Event: 137.518 GC heap after
{Heap after GC invocations=94 (full 0):
 garbage-first heap   total 306176K, used 215510K [0x0000000080000000, 0x0000000100000000)
  region size 1024K, 7 young (7168K), 7 survivors (7168K)
 Metaspace       used 107754K, committed 108992K, reserved 557056K
  class space    used 15085K, committed 15680K, reserved 425984K
}
Event: 137.932 GC heap before
{Heap before GC invocations=94 (full 0):
 garbage-first heap   total 306176K, used 257494K [0x0000000080000000, 0x0000000100000000)
  region size 1024K, 49 young (50176K), 7 survivors (7168K)
 Metaspace       used 107754K, committed 108992K, reserved 557056K
  class space    used 15085K, committed 15680K, reserved 425984K
}
Event: 137.947 GC heap after
{Heap after GC invocations=95 (full 0):
 garbage-first heap   total 306176K, used 216879K [0x0000000080000000, 0x0000000100000000)
  region size 1024K, 4 young (4096K), 4 survivors (4096K)
 Metaspace       used 107754K, committed 108992K, reserved 557056K
  class space    used 15085K, committed 15680K, reserved 425984K
}
Event: 138.360 GC heap before
{Heap before GC invocations=95 (full 0):
 garbage-first heap   total 306176K, used 258863K [0x0000000080000000, 0x0000000100000000)
  region size 1024K, 46 young (47104K), 4 survivors (4096K)
 Metaspace       used 107754K, committed 108992K, reserved 557056K
  class space    used 15085K, committed 15680K, reserved 425984K
}
Event: 138.369 GC heap after
{Heap after GC invocations=96 (full 0):
 garbage-first heap   total 306176K, used 217432K [0x0000000080000000, 0x0000000100000000)
  region size 1024K, 4 young (4096K), 4 survivors (4096K)
 Metaspace       used 107754K, committed 108992K, reserved 557056K
  class space    used 15085K, committed 15680K, reserved 425984K
}
Event: 139.984 GC heap before
{Heap before GC invocations=96 (full 0):
 garbage-first heap   total 306176K, used 260440K [0x0000000080000000, 0x0000000100000000)
  region size 1024K, 46 young (47104K), 4 survivors (4096K)
 Metaspace       used 108052K, committed 109376K, reserved 557056K
  class space    used 15116K, committed 15744K, reserved 425984K
}
Event: 139.997 GC heap after
{Heap after GC invocations=97 (full 0):
 garbage-first heap   total 306176K, used 225052K [0x0000000080000000, 0x0000000100000000)
  region size 1024K, 6 young (6144K), 6 survivors (6144K)
 Metaspace       used 108052K, committed 109376K, reserved 557056K
  class space    used 15116K, committed 15744K, reserved 425984K
}
Event: 141.234 GC heap before
{Heap before GC invocations=97 (full 0):
 garbage-first heap   total 306176K, used 257820K [0x0000000080000000, 0x0000000100000000)
  region size 1024K, 39 young (39936K), 6 survivors (6144K)
 Metaspace       used 108212K, committed 109504K, reserved 557056K
  class space    used 15134K, committed 15744K, reserved 425984K
}
Event: 141.248 GC heap after
{Heap after GC invocations=98 (full 0):
 garbage-first heap   total 306176K, used 229713K [0x0000000080000000, 0x0000000100000000)
  region size 1024K, 5 young (5120K), 5 survivors (5120K)
 Metaspace       used 108212K, committed 109504K, reserved 557056K
  class space    used 15134K, committed 15744K, reserved 425984K
}
Event: 141.535 GC heap before
{Heap before GC invocations=98 (full 0):
 garbage-first heap   total 306176K, used 260433K [0x0000000080000000, 0x0000000100000000)
  region size 1024K, 36 young (36864K), 5 survivors (5120K)
 Metaspace       used 108213K, committed 109504K, reserved 557056K
  class space    used 15134K, committed 15744K, reserved 425984K
}
Event: 141.545 GC heap after
{Heap after GC invocations=99 (full 0):
 garbage-first heap   total 306176K, used 230825K [0x0000000080000000, 0x0000000100000000)
  region size 1024K, 3 young (3072K), 3 survivors (3072K)
 Metaspace       used 108213K, committed 109504K, reserved 557056K
  class space    used 15134K, committed 15744K, reserved 425984K
}
Event: 141.800 GC heap before
{Heap before GC invocations=99 (full 0):
 garbage-first heap   total 306176K, used 261545K [0x0000000080000000, 0x0000000100000000)
  region size 1024K, 34 young (34816K), 3 survivors (3072K)
 Metaspace       used 108213K, committed 109504K, reserved 557056K
  class space    used 15134K, committed 15744K, reserved 425984K
}

