# JRE version: OpenJDK Runtime Environment Microsoft-9889599 (17.0.12+7) (build 17.0.12+7-LTS)
# Java VM: OpenJDK 64-Bit Server VM Microsoft-9889599 (17.0.12+7-LTS, mixed mode, sharing, tiered, compressed oops, compressed class ptrs, g1 gc, windows-amd64)
GC Precious Log:
 CPUs: 4 total, 4 available
 Memory: 8025M
 Large Page Support: Disabled
 NUMA Support: Disabled
 Compressed Oops: Enabled (Zero based)
 Heap Region Size: 2M
 Heap Min Capacity: 8M
 Heap Initial Capacity: 126M
 Heap Max Capacity: 4G
 Pre-touch: Disabled
 Parallel Workers: 4
 Concurrent Workers: 1
 Concurrent Refinement Workers: 4
 Periodic GC: Disabled
Heap:
 garbage-first heap   total 915456K, used 490787K [0x0000000700000000, 0x0000000800000000)
  region size 2048K, 8 young (16384K), 8 survivors (16384K)
 Metaspace       used 125813K, committed 128128K, reserved 557056K
  class space    used 17042K, committed 18176K, reserved 425984K
GC Heap History (20 events):
Event: 7008.887 GC heap after
{Heap after GC invocations=64 (full 0):
 garbage-first heap   total 706560K, used 370422K [0x0000000700000000, 0x0000000800000000)
  region size 2048K, 7 young (14336K), 7 survivors (14336K)
 Metaspace       used 124277K, committed 126464K, reserved 557056K
  class space    used 16966K, committed 18048K, reserved 425984K
}
Event: 7009.496 GC heap before
{Heap before GC invocations=64 (full 0):
 garbage-first heap   total 706560K, used 403190K [0x0000000700000000, 0x0000000800000000)
  region size 2048K, 23 young (47104K), 7 survivors (14336K)
 Metaspace       used 124339K, committed 126528K, reserved 557056K
  class space    used 16967K, committed 18048K, reserved 425984K
}
Event: 7009.550 GC heap after
{Heap after GC invocations=65 (full 0):
 garbage-first heap   total 706560K, used 377159K [0x0000000700000000, 0x0000000800000000)
  region size 2048K, 3 young (6144K), 3 survivors (6144K)
 Metaspace       used 124339K, committed 126528K, reserved 557056K
  class space    used 16967K, committed 18048K, reserved 425984K
}
Event: 7013.163 GC heap before
{Heap before GC invocations=65 (full 0):
 garbage-first heap   total 706560K, used 538951K [0x0000000700000000, 0x0000000800000000)
  region size 2048K, 82 young (167936K), 3 survivors (6144K)
 Metaspace       used 124720K, committed 126912K, reserved 557056K
  class space    used 16972K, committed 18048K, reserved 425984K
}
Event: 7013.250 GC heap after
{Heap after GC invocations=66 (full 0):
 garbage-first heap   total 706560K, used 405400K [0x0000000700000000, 0x0000000800000000)
  region size 2048K, 11 young (22528K), 11 survivors (22528K)
 Metaspace       used 124720K, committed 126912K, reserved 557056K
  class space    used 16972K, committed 18048K, reserved 425984K
}
Event: 7015.208 GC heap before
{Heap before GC invocations=66 (full 0):
 garbage-first heap   total 706560K, used 479128K [0x0000000700000000, 0x0000000800000000)
  region size 2048K, 47 young (96256K), 11 survivors (22528K)
 Metaspace       used 124735K, committed 126912K, reserved 557056K
  class space    used 16973K, committed 18048K, reserved 425984K
}
Event: 7015.299 GC heap after
{Heap after GC invocations=67 (full 0):
 garbage-first heap   total 706560K, used 414066K [0x0000000700000000, 0x0000000800000000)
  region size 2048K, 4 young (8192K), 4 survivors (8192K)
 Metaspace       used 124735K, committed 126912K, reserved 557056K
  class space    used 16973K, committed 18048K, reserved 425984K
}
Event: 7353.277 GC heap before
{Heap before GC invocations=67 (full 0):
 garbage-first heap   total 706560K, used 567666K [0x0000000700000000, 0x0000000800000000)
  region size 2048K, 79 young (161792K), 4 survivors (8192K)
 Metaspace       used 125000K, committed 127232K, reserved 557056K
  class space    used 16999K, committed 18112K, reserved 425984K
}
Event: 7353.607 GC heap after
{Heap after GC invocations=68 (full 0):
 garbage-first heap   total 915456K, used 418198K [0x0000000700000000, 0x0000000800000000)
  region size 2048K, 6 young (12288K), 6 survivors (12288K)
 Metaspace       used 125000K, committed 127232K, reserved 557056K
  class space    used 16999K, committed 18112K, reserved 425984K
}
Event: 7355.048 GC heap before
{Heap before GC invocations=68 (full 0):
 garbage-first heap   total 915456K, used 453014K [0x0000000700000000, 0x0000000800000000)
  region size 2048K, 24 young (49152K), 6 survivors (12288K)
 Metaspace       used 125077K, committed 127360K, reserved 557056K
  class space    used 17004K, committed 18112K, reserved 425984K
}
Event: 7355.104 GC heap after
{Heap after GC invocations=69 (full 0):
 garbage-first heap   total 915456K, used 422653K [0x0000000700000000, 0x0000000800000000)
  region size 2048K, 3 young (6144K), 3 survivors (6144K)
 Metaspace       used 125077K, committed 127360K, reserved 557056K
  class space    used 17004K, committed 18112K, reserved 425984K
}
Event: 7356.912 GC heap before
{Heap before GC invocations=69 (full 0):
 garbage-first heap   total 915456K, used 523005K [0x0000000700000000, 0x0000000800000000)
  region size 2048K, 53 young (108544K), 3 survivors (6144K)
 Metaspace       used 125215K, committed 127488K, reserved 557056K
  class space    used 17009K, committed 18112K, reserved 425984K
}
Event: 7356.971 GC heap after
{Heap after GC invocations=70 (full 0):
 garbage-first heap   total 915456K, used 441234K [0x0000000700000000, 0x0000000800000000)
  region size 2048K, 7 young (14336K), 7 survivors (14336K)
 Metaspace       used 125215K, committed 127488K, reserved 557056K
  class space    used 17009K, committed 18112K, reserved 425984K
}
Event: 7357.609 GC heap before
{Heap before GC invocations=70 (full 0):
 garbage-first heap   total 915456K, used 496530K [0x0000000700000000, 0x0000000800000000)
  region size 2048K, 34 young (69632K), 7 survivors (14336K)
 Metaspace       used 125327K, committed 127552K, reserved 557056K
  class space    used 17019K, committed 18112K, reserved 425984K
}
Event: 7357.675 GC heap after
{Heap after GC invocations=71 (full 0):
 garbage-first heap   total 915456K, used 452101K [0x0000000700000000, 0x0000000800000000)
  region size 2048K, 5 young (10240K), 5 survivors (10240K)
 Metaspace       used 125327K, committed 127552K, reserved 557056K
  class space    used 17019K, committed 18112K, reserved 425984K
}
Event: 7359.125 GC heap before
{Heap before GC invocations=71 (full 0):
 garbage-first heap   total 915456K, used 562693K [0x0000000700000000, 0x0000000800000000)
  region size 2048K, 59 young (120832K), 5 survivors (10240K)
 Metaspace       used 125532K, committed 127808K, reserved 557056K
  class space    used 17024K, committed 18112K, reserved 425984K
}
Event: 7359.198 GC heap after
{Heap after GC invocations=72 (full 0):
 garbage-first heap   total 915456K, used 472976K [0x0000000700000000, 0x0000000800000000)
  region size 2048K, 8 young (16384K), 8 survivors (16384K)
 Metaspace       used 125532K, committed 127808K, reserved 557056K
  class space    used 17024K, committed 18112K, reserved 425984K
}
Event: 7360.278 GC heap before
{Heap before GC invocations=72 (full 0):
 garbage-first heap   total 915456K, used 573328K [0x0000000700000000, 0x0000000800000000)
  region size 2048K, 57 young (116736K), 8 survivors (16384K)
 Metaspace       used 125595K, committed 127872K, reserved 557056K
  class space    used 17028K, committed 18112K, reserved 425984K
}
Event: 7360.337 GC heap after
{Heap after GC invocations=73 (full 0):
 garbage-first heap   total 915456K, used 484067K [0x0000000700000000, 0x0000000800000000)
  region size 2048K, 5 young (10240K), 5 survivors (10240K)
 Metaspace       used 125595K, committed 127872K, reserved 557056K
  class space    used 17028K, committed 18112K, reserved 425984K
}
Event: 7729.074 GC heap before
{Heap before GC invocations=73 (full 0):
 garbage-first heap   total 915456K, used 656099K [0x0000000700000000, 0x0000000800000000)
  region size 2048K, 89 young (182272K), 5 survivors (10240K)
 Metaspace       used 125813K, committed 128128K, reserved 557056K
  class space    used 17042K, committed 18176K, reserved 425984K
}

