# JRE version: OpenJDK Runtime Environment Microsoft-9889599 (17.0.12+7) (build 17.0.12+7-LTS)
# Java VM: OpenJDK 64-Bit Server VM Microsoft-9889599 (17.0.12+7-LTS, mixed mode, sharing, tiered, compressed oops, compressed class ptrs, g1 gc, windows-amd64)
GC Precious Log:
 CPUs: 4 total, 4 available
 Memory: 8025M
 Large Page Support: Disabled
 NUMA Support: Disabled
 Compressed Oops: Enabled (32-bit)
 Heap Region Size: 1M
 Heap Min Capacity: 8M
 Heap Initial Capacity: 126M
 Heap Max Capacity: 2G
 Pre-touch: Disabled
 Parallel Workers: 4
 Concurrent Workers: 1
 Concurrent Refinement Workers: 4
 Periodic GC: Disabled
Heap:
 garbage-first heap   total 552960K, used 342859K [0x0000000080000000, 0x0000000100000000)
  region size 1024K, 24 young (24576K), 6 survivors (6144K)
 Metaspace       used 123451K, committed 125568K, reserved 557056K
  class space    used 16866K, committed 17856K, reserved 425984K
GC Heap History (20 events):
Event: 75.712 GC heap before
{Heap before GC invocations=55 (full 0):
 garbage-first heap   total 552960K, used 433469K [0x0000000080000000, 0x0000000100000000)
  region size 1024K, 195 young (199680K), 12 survivors (12288K)
 Metaspace       used 114180K, committed 115712K, reserved 557056K
  class space    used 15913K, committed 16640K, reserved 425984K
}
Event: 75.751 GC heap after
{Heap after GC invocations=56 (full 0):
 garbage-first heap   total 552960K, used 251340K [0x0000000080000000, 0x0000000100000000)
  region size 1024K, 17 young (17408K), 17 survivors (17408K)
 Metaspace       used 114180K, committed 115712K, reserved 557056K
  class space    used 15913K, committed 16640K, reserved 425984K
}
Event: 76.421 GC heap before
{Heap before GC invocations=56 (full 0):
 garbage-first heap   total 552960K, used 260556K [0x0000000080000000, 0x0000000100000000)
  region size 1024K, 27 young (27648K), 17 survivors (17408K)
 Metaspace       used 114180K, committed 115712K, reserved 557056K
  class space    used 15913K, committed 16640K, reserved 425984K
}
Event: 76.472 GC heap after
{Heap after GC invocations=57 (full 0):
 garbage-first heap   total 552960K, used 248959K [0x0000000080000000, 0x0000000100000000)
  region size 1024K, 4 young (4096K), 4 survivors (4096K)
 Metaspace       used 114180K, committed 115712K, reserved 557056K
  class space    used 15913K, committed 16640K, reserved 425984K
}
Event: 79.570 GC heap before
{Heap before GC invocations=57 (full 0):
 garbage-first heap   total 552960K, used 439423K [0x0000000080000000, 0x0000000100000000)
  region size 1024K, 191 young (195584K), 4 survivors (4096K)
 Metaspace       used 114773K, committed 116288K, reserved 557056K
  class space    used 15967K, committed 16704K, reserved 425984K
}
Event: 79.599 GC heap after
{Heap after GC invocations=58 (full 0):
 garbage-first heap   total 552960K, used 256639K [0x0000000080000000, 0x0000000100000000)
  region size 1024K, 11 young (11264K), 11 survivors (11264K)
 Metaspace       used 114773K, committed 116288K, reserved 557056K
  class space    used 15967K, committed 16704K, reserved 425984K
}
Event: 84.473 GC heap before
{Heap before GC invocations=58 (full 0):
 garbage-first heap   total 552960K, used 451199K [0x0000000080000000, 0x0000000100000000)
  region size 1024K, 197 young (201728K), 11 survivors (11264K)
 Metaspace       used 118348K, committed 120000K, reserved 557056K
  class space    used 16318K, committed 17088K, reserved 425984K
}
Event: 84.511 GC heap after
{Heap after GC invocations=59 (full 0):
 garbage-first heap   total 552960K, used 261662K [0x0000000080000000, 0x0000000100000000)
  region size 1024K, 16 young (16384K), 16 survivors (16384K)
 Metaspace       used 118348K, committed 120000K, reserved 557056K
  class space    used 16318K, committed 17088K, reserved 425984K
}
Event: 1367.418 GC heap before
{Heap before GC invocations=59 (full 0):
 garbage-first heap   total 552960K, used 453150K [0x0000000080000000, 0x0000000100000000)
  region size 1024K, 203 young (207872K), 16 survivors (16384K)
 Metaspace       used 121389K, committed 123072K, reserved 557056K
  class space    used 16647K, committed 17408K, reserved 425984K
}
Event: 1367.823 GC heap after
{Heap after GC invocations=60 (full 0):
 garbage-first heap   total 552960K, used 270045K [0x0000000080000000, 0x0000000100000000)
  region size 1024K, 17 young (17408K), 17 survivors (17408K)
 Metaspace       used 121389K, committed 123072K, reserved 557056K
  class space    used 16647K, committed 17408K, reserved 425984K
}
Event: 1382.827 GC heap before
{Heap before GC invocations=60 (full 0):
 garbage-first heap   total 552960K, used 380637K [0x0000000080000000, 0x0000000100000000)
  region size 1024K, 125 young (128000K), 17 survivors (17408K)
 Metaspace       used 121960K, committed 123776K, reserved 557056K
  class space    used 16725K, committed 17600K, reserved 425984K
}
Event: 1382.989 GC heap after
{Heap after GC invocations=61 (full 0):
 garbage-first heap   total 552960K, used 286720K [0x0000000080000000, 0x0000000100000000)
  region size 1024K, 16 young (16384K), 16 survivors (16384K)
 Metaspace       used 121960K, committed 123776K, reserved 557056K
  class space    used 16725K, committed 17600K, reserved 425984K
}
Event: 1396.728 GC heap before
{Heap before GC invocations=61 (full 0):
 garbage-first heap   total 552960K, used 382976K [0x0000000080000000, 0x0000000100000000)
  region size 1024K, 110 young (112640K), 16 survivors (16384K)
 Metaspace       used 122300K, committed 124160K, reserved 557056K
  class space    used 16751K, committed 17600K, reserved 425984K
}
Event: 1396.852 GC heap after
{Heap after GC invocations=62 (full 0):
 garbage-first heap   total 552960K, used 301568K [0x0000000080000000, 0x0000000100000000)
  region size 1024K, 14 young (14336K), 14 survivors (14336K)
 Metaspace       used 122300K, committed 124160K, reserved 557056K
  class space    used 16751K, committed 17600K, reserved 425984K
}
Event: 1405.442 GC heap before
{Heap before GC invocations=62 (full 0):
 garbage-first heap   total 552960K, used 414208K [0x0000000080000000, 0x0000000100000000)
  region size 1024K, 124 young (126976K), 14 survivors (14336K)
 Metaspace       used 122673K, committed 124544K, reserved 557056K
  class space    used 16773K, committed 17664K, reserved 425984K
}
Event: 1405.660 GC heap after
{Heap after GC invocations=63 (full 0):
 garbage-first heap   total 552960K, used 320000K [0x0000000080000000, 0x0000000100000000)
  region size 1024K, 16 young (16384K), 16 survivors (16384K)
 Metaspace       used 122673K, committed 124544K, reserved 557056K
  class space    used 16773K, committed 17664K, reserved 425984K
}
Event: 1410.579 GC heap before
{Heap before GC invocations=63 (full 0):
 garbage-first heap   total 552960K, used 403968K [0x0000000080000000, 0x0000000100000000)
  region size 1024K, 99 young (101376K), 16 survivors (16384K)
 Metaspace       used 123044K, committed 125056K, reserved 557056K
  class space    used 16830K, committed 17792K, reserved 425984K
}
Event: 1410.959 GC heap after
{Heap after GC invocations=64 (full 0):
 garbage-first heap   total 552960K, used 324096K [0x0000000080000000, 0x0000000100000000)
  region size 1024K, 4 young (4096K), 4 survivors (4096K)
 Metaspace       used 123044K, committed 125056K, reserved 557056K
  class space    used 16830K, committed 17792K, reserved 425984K
}
Event: 1544.458 GC heap before
{Heap before GC invocations=64 (full 0):
 garbage-first heap   total 552960K, used 425472K [0x0000000080000000, 0x0000000100000000)
  region size 1024K, 104 young (106496K), 4 survivors (4096K)
 Metaspace       used 123397K, committed 125504K, reserved 557056K
  class space    used 16865K, committed 17856K, reserved 425984K
}
Event: 1544.599 GC heap after
{Heap after GC invocations=65 (full 0):
 garbage-first heap   total 552960K, used 325451K [0x0000000080000000, 0x0000000100000000)
  region size 1024K, 6 young (6144K), 6 survivors (6144K)
 Metaspace       used 123397K, committed 125504K, reserved 557056K
  class space    used 16865K, committed 17856K, reserved 425984K
}

